{
  "RSpec": {
    "coverage": {
      "/home/nova/Desktop/code/T3A2-B/plantogotchi-api/spec/controllers/breeds_controller_spec.rb": {
        "lines": [
          null,
          null,
          null,
          null,
          null,
          null,
          null,
          null,
          null,
          null,
          null,
          null,
          null,
          null,
          null,
          null,
          null
        ]
      },
      "/home/nova/Desktop/code/T3A2-B/plantogotchi-api/spec/controllers/plants_controller_spec.rb": {
        "lines": [
          null,
          null,
          null,
          null,
          null,
          null,
          null,
          null,
          null,
          null,
          null,
          null,
          null,
          null
        ]
      },
      "/home/nova/Desktop/code/T3A2-B/plantogotchi-api/spec/controllers/users_controller_spec.rb": {
        "lines": [

        ]
      },
      "/home/nova/Desktop/code/T3A2-B/plantogotchi-api/spec/models/breed_spec.rb": {
        "lines": [
          1,
          null,
          1,
          7,
          null,
          1,
          1,
          1,
          null,
          null,
          2,
          2,
          2,
          2,
          2,
          null,
          null,
          null,
          1,
          2,
          null,
          null
        ]
      },
      "/home/nova/Desktop/code/T3A2-B/plantogotchi-api/spec/rails_helper.rb": {
        "lines": [
          null,
          1,
          1,
          1,
          null,
          1,
          1,
          null,
          null,
          null,
          null,
          null,
          null,
          null,
          null,
          null,
          null,
          null,
          null,
          null,
          null,
          null,
          5,
          null,
          null,
          null,
          null,
          1,
          null,
          0,
          0,
          null,
          1,
          null,
          1,
          null,
          null,
          null,
          null,
          1,
          null,
          null,
          null,
          null,
          null,
          null,
          null,
          null,
          null,
          null,
          null,
          null,
          null,
          null,
          null,
          null,
          null,
          1,
          null,
          null,
          1,
          null,
          null,
          null
        ]
      },
      "/home/nova/Desktop/code/T3A2-B/plantogotchi-api/config/environment.rb": {
        "lines": [
          null,
          1,
          null,
          null,
          1
        ]
      },
      "/home/nova/Desktop/code/T3A2-B/plantogotchi-api/config/application.rb": {
        "lines": [
          1,
          null,
          1,
          null,
          1,
          1,
          1,
          1,
          1,
          1,
          1,
          1,
          1,
          1,
          null,
          null,
          null,
          null,
          null,
          1,
          null,
          1,
          1,
          null,
          1,
          null,
          null,
          null,
          null,
          null,
          null,
          null,
          null,
          null,
          1,
          null,
          null
        ]
      },
      "/home/nova/Desktop/code/T3A2-B/plantogotchi-api/config/boot.rb": {
        "lines": [
          1,
          null,
          1,
          1
        ]
      },
      "/home/nova/Desktop/code/T3A2-B/plantogotchi-api/config/environments/test.rb": {
        "lines": [
          null,
          null,
          null,
          null,
          null,
          1,
          null,
          null,
          1,
          1,
          null,
          null,
          null,
          null,
          1,
          null,
          null,
          1,
          1,
          null,
          null,
          null,
          null,
          1,
          1,
          1,
          null,
          null,
          1,
          null,
          null,
          1,
          null,
          null,
          1,
          null,
          1,
          null,
          null,
          null,
          null,
          1,
          null,
          null,
          1,
          null,
          null,
          null,
          null
        ]
      },
      "/home/nova/Desktop/code/T3A2-B/plantogotchi-api/config/initializers/application_controller_renderer.rb": {
        "lines": [
          null,
          null,
          null,
          null,
          null,
          null,
          null,
          null
        ]
      },
      "/home/nova/Desktop/code/T3A2-B/plantogotchi-api/config/initializers/backtrace_silencers.rb": {
        "lines": [
          null,
          null,
          null,
          null,
          null,
          null,
          null
        ]
      },
      "/home/nova/Desktop/code/T3A2-B/plantogotchi-api/config/initializers/cors.rb": {
        "lines": [
          null,
          null,
          null,
          null,
          null,
          null,
          null,
          1,
          1,
          1,
          null,
          1,
          null,
          null,
          null,
          null
        ]
      },
      "/home/nova/Desktop/code/T3A2-B/plantogotchi-api/config/initializers/filter_parameter_logging.rb": {
        "lines": [
          null,
          null,
          null,
          1
        ]
      },
      "/home/nova/Desktop/code/T3A2-B/plantogotchi-api/config/initializers/inflections.rb": {
        "lines": [
          null,
          null,
          null,
          null,
          null,
          null,
          null,
          null,
          null,
          null,
          null,
          null,
          null,
          null,
          null,
          null
        ]
      },
      "/home/nova/Desktop/code/T3A2-B/plantogotchi-api/config/initializers/knock.rb": {
        "lines": [
          1,
          1,
          97,
          1,
          1,
          1,
          1,
          null
        ]
      },
      "/home/nova/Desktop/code/T3A2-B/plantogotchi-api/config/initializers/mime_types.rb": {
        "lines": [
          null,
          null,
          null,
          null
        ]
      },
      "/home/nova/Desktop/code/T3A2-B/plantogotchi-api/config/initializers/wrap_parameters.rb": {
        "lines": [
          null,
          null,
          null,
          null,
          null,
          null,
          1,
          2,
          null,
          null,
          null,
          null,
          null,
          null
        ]
      },
      "/home/nova/Desktop/code/T3A2-B/plantogotchi-api/spec/factories/breeds.rb": {
        "lines": [
          1,
          1,
          56,
          56,
          59,
          null,
          1,
          4,
          4,
          null,
          null,
          null,
          null
        ]
      },
      "/home/nova/Desktop/code/T3A2-B/plantogotchi-api/spec/factories/events.rb": {
        "lines": [
          1,
          1,
          5,
          5,
          1,
          null,
          null
        ]
      },
      "/home/nova/Desktop/code/T3A2-B/plantogotchi-api/spec/factories/plants.rb": {
        "lines": [
          1,
          1,
          1,
          29,
          null,
          33,
          33,
          1,
          1,
          35,
          33,
          null,
          1,
          4,
          null,
          null,
          null,
          1,
          1,
          2,
          null,
          3,
          3,
          3,
          null,
          null,
          null,
          null
        ]
      },
      "/home/nova/Desktop/code/T3A2-B/plantogotchi-api/spec/factories/users.rb": {
        "lines": [
          1,
          1,
          1,
          79,
          null,
          1,
          82,
          null,
          83,
          83,
          83,
          83,
          null,
          null,
          1,
          4,
          null,
          null,
          null
        ]
      },
      "/home/nova/Desktop/code/T3A2-B/plantogotchi-api/config/routes.rb": {
        "lines": [
          1,
          1,
          1,
          1,
          1,
          1,
          1,
          1,
          1,
          null
        ]
      },
      "/home/nova/Desktop/code/T3A2-B/plantogotchi-api/spec/support/authentication_helpers.rb": {
        "lines": [
          1,
          1,
          32,
          null,
          32,
          null,
          32,
          null,
          null,
          1,
          10,
          null,
          10,
          null,
          null,
          null,
          1,
          1,
          null
        ]
      },
      "/home/nova/Desktop/code/T3A2-B/plantogotchi-api/spec/support/database_cleaner.rb": {
        "lines": [
          1,
          null,
          1,
          1,
          null,
          null,
          null,
          1,
          71,
          null,
          null,
          null,
          1,
          71,
          null,
          null,
          1,
          71,
          null,
          null,
          null
        ]
      },
      "/home/nova/Desktop/code/T3A2-B/plantogotchi-api/spec/support/factory_bot.rb": {
        "lines": [
          1,
          1,
          null
        ]
      },
      "/home/nova/Desktop/code/T3A2-B/plantogotchi-api/spec/support/shoulda_matchers.rb": {
        "lines": [
          1,
          1,
          1,
          1,
          null,
          null
        ]
      },
      "/home/nova/Desktop/code/T3A2-B/plantogotchi-api/app/models/breed.rb": {
        "lines": [
          1,
          1,
          1,
          1,
          1,
          1,
          null
        ]
      },
      "/home/nova/Desktop/code/T3A2-B/plantogotchi-api/app/models/application_record.rb": {
        "lines": [
          1,
          1,
          null
        ]
      },
      "/home/nova/Desktop/code/T3A2-B/plantogotchi-api/spec/models/event_spec.rb": {
        "lines": [
          1,
          null,
          1,
          4,
          null,
          1,
          1,
          1,
          null,
          null,
          2,
          2,
          null,
          1,
          2,
          null,
          null,
          null,
          null
        ]
      },
      "/home/nova/Desktop/code/T3A2-B/plantogotchi-api/app/models/event.rb": {
        "lines": [
          1,
          1,
          null,
          1,
          null,
          1,
          null
        ]
      },
      "/home/nova/Desktop/code/T3A2-B/plantogotchi-api/spec/models/plant_spec.rb": {
        "lines": [
          1,
          null,
          1,
          11,
          null,
          1,
          1,
          1,
          null,
          null,
          2,
          2,
          2,
          2,
          2,
          2,
          2,
          2,
          null,
          1,
          2,
          2,
          null,
          null,
          null,
          null
        ]
      },
      "/home/nova/Desktop/code/T3A2-B/plantogotchi-api/app/models/plant.rb": {
        "lines": [
          1,
          1,
          1,
          1,
          1,
          1,
          1,
          null,
          1,
          1,
          1,
          null
        ]
      },
      "/home/nova/Desktop/code/T3A2-B/plantogotchi-api/spec/models/user_spec.rb": {
        "lines": [
          1,
          null,
          1,
          7,
          null,
          1,
          1,
          1,
          null,
          null,
          2,
          2,
          2,
          null,
          1,
          1,
          1,
          null,
          null,
          1,
          1,
          1,
          null,
          null,
          null,
          null,
          null,
          1,
          2,
          null,
          null,
          null,
          null
        ]
      },
      "/home/nova/Desktop/code/T3A2-B/plantogotchi-api/app/models/user.rb": {
        "lines": [
          1,
          1,
          1,
          1,
          1,
          null,
          1,
          null
        ]
      },
      "/home/nova/Desktop/code/T3A2-B/plantogotchi-api/spec/requests/breeds_request_spec.rb": {
        "lines": [
          1,
          null,
          1,
          null,
          1,
          1,
          3,
          3,
          3,
          3,
          null,
          null,
          1,
          1,
          null,
          null,
          1,
          1,
          null,
          null,
          1,
          1,
          null,
          null,
          null,
          null,
          null,
          null,
          null,
          1,
          1,
          1,
          2,
          2,
          null,
          null,
          null,
          1,
          1,
          null,
          null,
          1,
          1,
          null,
          null,
          null,
          1,
          1,
          3,
          3,
          3,
          null,
          null,
          1,
          1,
          null,
          null,
          1,
          1,
          null,
          null,
          1,
          1,
          1,
          1,
          null,
          null,
          null,
          null,
          null,
          1,
          1,
          2,
          2,
          2,
          null,
          null,
          1,
          1,
          null,
          null,
          1,
          1,
          null,
          null,
          null,
          null,
          null,
          null,
          null,
          1,
          1,
          2,
          2,
          2,
          null,
          null,
          1,
          1,
          null,
          null,
          1,
          1,
          null,
          null,
          null,
          null,
          1,
          1,
          2,
          2,
          null,
          null,
          1,
          1,
          null,
          null,
          1,
          1,
          null,
          null,
          null,
          null,
          null
        ]
      },
      "/home/nova/Desktop/code/T3A2-B/plantogotchi-api/spec/requests/plants_request_spec.rb": {
        "lines": [
          1,
          null,
          1,
          null,
          1,
          1,
          3,
          3,
          3,
          3,
          3,
          null,
          null,
          1,
          1,
          null,
          null,
          1,
          1,
          null,
          null,
          1,
          1,
          null,
          null,
          null,
          null,
          null,
          null,
          null,
          null,
          null,
          null,
          null,
          1,
          1,
          1,
          2,
          2,
          2,
          null,
          null,
          null,
          1,
          1,
          null,
          null,
          1,
          1,
          null,
          null,
          null,
          1,
          1,
          3,
          3,
          3,
          3,
          null,
          null,
          1,
          1,
          null,
          null,
          1,
          1,
          null,
          null,
          1,
          1,
          1,
          null,
          null,
          null,
          null,
          null,
          1,
          1,
          2,
          2,
          2,
          null,
          null,
          1,
          1,
          null,
          null,
          1,
          1,
          null,
          null,
          null,
          null,
          null,
          null,
          null,
          null,
          null,
          null,
          null,
          null,
          1,
          1,
          2,
          2,
          2,
          null,
          null,
          1,
          1,
          null,
          null,
          1,
          1,
          1,
          null,
          null,
          null,
          1,
          1,
          2,
          2,
          null,
          null,
          1,
          1,
          null,
          null,
          1,
          1,
          null,
          null,
          null,
          null,
          null
        ]
      },
      "/home/nova/Desktop/code/T3A2-B/plantogotchi-api/spec/requests/status_request_spec.rb": {
        "lines": [
          1,
          null,
          1,
          null,
          null
        ]
      },
      "/home/nova/Desktop/code/T3A2-B/plantogotchi-api/spec/requests/user_token_request_spec.rb": {
        "lines": [
          1,
          null,
          1,
          null,
          null
        ]
      },
      "/home/nova/Desktop/code/T3A2-B/plantogotchi-api/spec/requests/users_request_spec.rb": {
        "lines": [
          1,
          null,
          1,
          null,
          1,
          1,
          3,
          3,
          3,
          3,
          null,
          null,
          1,
          1,
          null,
          null,
          1,
          1,
          null,
          null,
          1,
          1,
          null,
          null,
          null,
          null,
          null,
          null,
          null,
          null,
          null,
          null,
          null,
          1,
          1,
          1,
          2,
          2,
          null,
          null,
          null,
          1,
          1,
          null,
          null,
          1,
          1,
          null,
          null,
          null,
          1,
          1,
          3,
          3,
          3,
          null,
          null,
          1,
          1,
          null,
          null,
          1,
          1,
          null,
          null,
          1,
          1,
          1,
          null,
          null,
          null,
          null,
          null,
          1,
          1,
          2,
          2,
          2,
          null,
          null,
          1,
          1,
          null,
          null,
          1,
          1,
          null,
          null,
          null,
          null,
          null,
          null,
          null,
          null,
          null,
          null,
          null,
          1,
          1,
          2,
          2,
          2,
          null,
          null,
          1,
          1,
          null,
          null,
          1,
          1,
          null,
          null,
          null,
          null,
          1,
          1,
          2,
          2,
          null,
          null,
          1,
          1,
          null,
          null,
          1,
          1,
          null,
          null,
          null,
          null,
          null
        ]
      },
      "/home/nova/Desktop/code/T3A2-B/plantogotchi-api/app/controllers/application_controller.rb": {
        "lines": [
          1,
          1,
          1,
          null,
          null,
          1,
          12,
          null,
          null,
          1,
          42,
          null,
          null,
          42,
          12,
          null,
          null,
          42,
          null,
          null,
          1,
          null,
          1,
          42,
          null,
          null,
          1,
          12,
          null,
          null
        ]
      },
      "/home/nova/Desktop/code/T3A2-B/plantogotchi-api/app/controllers/users_controller.rb": {
        "lines": [
          1,
          1,
          1,
          null,
          1,
          3,
          3,
          null,
          null,
          1,
          2,
          null,
          null,
          1,
          5,
          5,
          2,
          null,
          3,
          null,
          null,
          null,
          1,
          2,
          2,
          null,
          0,
          null,
          null,
          null,
          1,
          2,
          2,
          2,
          null,
          0,
          null,
          null,
          null,
          1,
          null,
          1,
          6,
          null,
          null,
          1,
          7,
          null,
          null,
          null
        ]
      },
      "/home/nova/Desktop/code/T3A2-B/plantogotchi-api/app/controllers/breeds_controller.rb": {
        "lines": [
          1,
          1,
          1,
          null,
          1,
          3,
          3,
          null,
          null,
          1,
          2,
          null,
          null,
          1,
          5,
          5,
          2,
          null,
          3,
          null,
          null,
          null,
          1,
          2,
          2,
          null,
          0,
          null,
          null,
          null,
          1,
          2,
          2,
          null,
          0,
          null,
          null,
          null,
          1,
          null,
          1,
          6,
          null,
          null,
          1,
          7,
          null,
          null,
          null,
          null
        ]
      },
      "/home/nova/Desktop/code/T3A2-B/plantogotchi-api/app/serializers/breed_serializer.rb": {
        "lines": [
          1,
          1,
          null,
          1,
          null,
          1,
          16,
          null,
          null
        ]
      },
      "/home/nova/Desktop/code/T3A2-B/plantogotchi-api/app/controllers/plants_controller.rb": {
        "lines": [
          1,
          1,
          1,
          null,
          1,
          3,
          0,
          null,
          3,
          null,
          3,
          null,
          null,
          1,
          2,
          null,
          null,
          1,
          5,
          5,
          5,
          2,
          2,
          null,
          3,
          null,
          null,
          null,
          1,
          2,
          2,
          2,
          2,
          2,
          0,
          0,
          0,
          null,
          0,
          null,
          0,
          0,
          0,
          0,
          0,
          null,
          2,
          2,
          2,
          null,
          0,
          null,
          null,
          null,
          1,
          2,
          2,
          null,
          0,
          null,
          null,
          null,
          1,
          null,
          1,
          6,
          null,
          null,
          1,
          11,
          null,
          null
        ]
      },
      "/home/nova/Desktop/code/T3A2-B/plantogotchi-api/app/serializers/plant_serializer.rb": {
        "lines": [
          1,
          1,
          null,
          1,
          8,
          null,
          null,
          1,
          8,
          null,
          null
        ]
      }
    },
    "timestamp": 1595832048
  }
}
